<?xml version="1.0" encoding="UTF-8"?>
<testsuite name="powerpackage.PowerFinderTest" tests="4" skipped="0" failures="0" errors="0" timestamp="2024-04-22T04:19:00" hostname="LAPTOP-FNJ95PF2" time="0.005">
  <properties/>
  <testcase name="shouldReturnTwoOneWhenTwoRaisedToOne" classname="powerpackage.PowerFinderTest" time="0.003"/>
  <testcase name="shouldReturnOneWhenOneRaisedToOne" classname="powerpackage.PowerFinderTest" time="0.0"/>
  <testcase name="shouldReturnFourWhenTwoRaisedToTwo" classname="powerpackage.PowerFinderTest" time="0.0"/>
  <testcase name="shouldReturnSixWhenThreeRaisedToTwo" classname="powerpackage.PowerFinderTest" time="0.0"/>
  <system-out><![CDATA[]]></system-out>
  <system-err><![CDATA[]]></system-err>
</testsuite>
